app/build/intermediates/manifest_merge_blame_file/debug/manifest-merger-blame-debug-report.txt
1<?xml version="1.0" encoding="utf-8"?>
2<manifest xmlns:android="http://schemas.android.com/apk/res/android"
3    package="com.abuzeid.qrreader"
4    android:versionCode="1"
5    android:versionName="1.0" >
6
7    <uses-sdk
8        android:minSdkVersion="16"
8-->src/main/AndroidManifest.xml
9        android:targetSdkVersion="28" />
9-->src/main/AndroidManifest.xml
10
11    <uses-permission android:name="android.permission.INTERNET" />
11-->src/main/AndroidManifest.xml:7:5-66
11-->src/main/AndroidManifest.xml:7:22-64
12
13    <uses-feature
13-->src/main/AndroidManifest.xml:8:5-9:35
14        android:name="android.hardware.camera"
14-->src/main/AndroidManifest.xml:8:19-57
15        android:required="true" />
15-->src/main/AndroidManifest.xml:9:9-32
16
17    <!-- other permissions go here -->
18    <application
18-->src/main/AndroidManifest.xml:13:5-33:19
19        android:allowBackup="true"
19-->src/main/AndroidManifest.xml:14:9-35
20        android:appComponentFactory="androidx.core.app.CoreComponentFactory"
20-->[androidx.core:core:1.1.0] AndroidManifest.xml:24:18-86
21        android:debuggable="true"
22        android:icon="@mipmap/ic_launcher"
22-->src/main/AndroidManifest.xml:15:9-43
23        android:label="@string/app_name"
23-->src/main/AndroidManifest.xml:16:9-41
24        android:roundIcon="@mipmap/ic_launcher_round"
24-->src/main/AndroidManifest.xml:17:9-54
25        android:supportsRtl="true"
25-->src/main/AndroidManifest.xml:18:9-35
26        android:testOnly="true"
27        android:theme="@style/AppTheme" >
27-->src/main/AndroidManifest.xml:19:9-40
28        <activity
28-->src/main/AndroidManifest.xml:22:9-30:20
29            android:name="com.abuzeid.qrreader.ui.login.LoginActivity"
29-->src/main/AndroidManifest.xml:23:13-51
30            android:label="@string/app_name" >
30-->src/main/AndroidManifest.xml:24:13-45
31            <intent-filter>
31-->src/main/AndroidManifest.xml:25:13-29:29
32                <action android:name="android.intent.action.MAIN" />
32-->src/main/AndroidManifest.xml:26:17-69
32-->src/main/AndroidManifest.xml:26:25-66
33
34                <category android:name="android.intent.category.LAUNCHER" />
34-->src/main/AndroidManifest.xml:28:17-77
34-->src/main/AndroidManifest.xml:28:27-74
35            </intent-filter>
36        </activity>
37        <activity android:name="com.abuzeid.qrreader.MainActivity" />
37-->src/main/AndroidManifest.xml:32:9-59
37-->src/main/AndroidManifest.xml:32:19-47
38
39        <provider
39-->[androidx.lifecycle:lifecycle-process:2.1.0] AndroidManifest.xml:23:9-27:43
40            android:name="androidx.lifecycle.ProcessLifecycleOwnerInitializer"
40-->[androidx.lifecycle:lifecycle-process:2.1.0] AndroidManifest.xml:24:13-79
41            android:authorities="com.abuzeid.qrreader.lifecycle-process"
41-->[androidx.lifecycle:lifecycle-process:2.1.0] AndroidManifest.xml:25:13-69
42            android:exported="false"
42-->[androidx.lifecycle:lifecycle-process:2.1.0] AndroidManifest.xml:26:13-37
43            android:multiprocess="true" />
43-->[androidx.lifecycle:lifecycle-process:2.1.0] AndroidManifest.xml:27:13-40
44    </application>
45
46</manifest>